{
  "RSpec": {
    "coverage": {
      "/Users/Ezra/Desktop/RAILS-Craftsy/spec/controllers/home_controller_spec.rb": [
        1,
        null,
        1,
        null,
        null
      ],
      "/Users/Ezra/Desktop/RAILS-Craftsy/spec/rails_helper.rb": [
        null,
        1,
        1,
        null,
        1,
        1,
        1,
        null,
        null,
        null,
        null,
        null,
        null,
        null,
        null,
        null,
        null,
        null,
        null,
        null,
        null,
        null,
        null,
        null,
        null,
        null,
        1,
        null,
        1,
        null,
        1,
        null,
        null,
        null,
        null,
        1,
        null,
        null,
        null,
        null,
        null,
        null,
        null,
        null,
        null,
        null,
        null,
        null,
        null,
        null,
        1,
        null,
        null,
        1,
        null,
        null,
        null,
        null,
        1,
        1,
        1,
        1,
        null,
        null
      ],
      "/Users/Ezra/Desktop/RAILS-Craftsy/config/environment.rb": [
        null,
        1,
        null,
        null,
        1
      ],
      "/Users/Ezra/Desktop/RAILS-Craftsy/config/application.rb": [
        1,
        null,
        1,
        null,
        1,
        1,
        1,
        1,
        1,
        1,
        1,
        1,
        null,
        null,
        null,
        null,
        1,
        null,
        1,
        1,
        null,
        null,
        null,
        null,
        null
      ],
      "/Users/Ezra/Desktop/RAILS-Craftsy/config/boot.rb": [
        1,
        null,
        1
      ],
      "/Users/Ezra/Desktop/RAILS-Craftsy/config/environments/test.rb": [
        1,
        null,
        null,
        null,
        null,
        null,
        null,
        1,
        null,
        null,
        null,
        null,
        1,
        null,
        null,
        1,
        1,
        null,
        null,
        null,
        null,
        1,
        1,
        null,
        null,
        1,
        null,
        null,
        1,
        1,
        null,
        null,
        null,
        null,
        1,
        null,
        null,
        1,
        null,
        null,
        null,
        null
      ],
      "/Users/Ezra/Desktop/RAILS-Craftsy/config/initializers/application_controller_renderer.rb": [
        null,
        null,
        null,
        null,
        null,
        null
      ],
      "/Users/Ezra/Desktop/RAILS-Craftsy/config/initializers/assets.rb": [
        null,
        null,
        null,
        1,
        null,
        null,
        null,
        null,
        null,
        null,
        null
      ],
      "/Users/Ezra/Desktop/RAILS-Craftsy/config/initializers/backtrace_silencers.rb": [
        null,
        null,
        null,
        null,
        null,
        null,
        null
      ],
      "/Users/Ezra/Desktop/RAILS-Craftsy/config/initializers/cookies_serializer.rb": [
        null,
        null,
        null,
        null,
        1
      ],
      "/Users/Ezra/Desktop/RAILS-Craftsy/config/initializers/devise.rb": [
        null,
        null,
        1,
        null,
        null,
        null,
        null,
        null,
        null,
        null,
        null,
        null,
        null,
        null,
        1,
        null,
        null,
        null,
        null,
        null,
        null,
        null,
        null,
        null,
        null,
        null,
        1,
        null,
        null,
        null,
        null,
        null,
        null,
        null,
        null,
        null,
        null,
        null,
        null,
        null,
        null,
        null,
        null,
        null,
        null,
        null,
        null,
        null,
        1,
        null,
        null,
        null,
        null,
        1,
        null,
        null,
        null,
        null,
        null,
        null,
        null,
        null,
        null,
        null,
        null,
        null,
        null,
        null,
        null,
        null,
        null,
        null,
        null,
        null,
        null,
        null,
        null,
        null,
        null,
        null,
        null,
        null,
        null,
        null,
        1,
        null,
        null,
        null,
        null,
        null,
        null,
        null,
        null,
        null,
        null,
        null,
        null,
        null,
        null,
        null,
        null,
        null,
        null,
        null,
        null,
        null,
        null,
        1,
        null,
        null,
        null,
        null,
        null,
        null,
        null,
        null,
        null,
        null,
        null,
        null,
        null,
        null,
        null,
        null,
        null,
        null,
        null,
        null,
        null,
        null,
        null,
        null,
        null,
        null,
        null,
        1,
        null,
        null,
        null,
        null,
        null,
        null,
        null,
        null,
        null,
        1,
        null,
        null,
        null,
        null,
        null,
        null,
        null,
        null,
        null,
        null,
        1,
        null,
        null,
        null,
        null,
        1,
        null,
        null,
        null,
        null,
        null,
        null,
        null,
        null,
        null,
        null,
        null,
        null,
        null,
        null,
        null,
        null,
        null,
        null,
        null,
        null,
        null,
        null,
        null,
        null,
        null,
        null,
        null,
        null,
        null,
        null,
        null,
        null,
        null,
        null,
        null,
        null,
        null,
        null,
        null,
        null,
        1,
        null,
        null,
        null,
        null,
        null,
        null,
        null,
        null,
        null,
        null,
        null,
        null,
        null,
        null,
        null,
        null,
        null,
        null,
        null,
        null,
        null,
        null,
        null,
        null,
        null,
        null,
        null,
        null,
        null,
        null,
        null,
        null,
        null,
        null,
        null,
        null,
        null,
        null,
        null,
        null,
        null,
        1,
        null,
        null,
        null,
        null,
        null,
        null,
        null,
        null,
        null,
        null,
        null,
        null,
        null,
        null,
        null,
        null,
        null,
        null,
        null,
        null,
        null,
        null,
        null,
        null,
        null,
        null,
        null,
        null,
        null
      ],
      "/Users/Ezra/Desktop/RAILS-Craftsy/config/initializers/filter_parameter_logging.rb": [
        null,
        null,
        null,
        1
      ],
      "/Users/Ezra/Desktop/RAILS-Craftsy/config/initializers/inflections.rb": [
        null,
        null,
        null,
        null,
        null,
        null,
        null,
        null,
        null,
        null,
        null,
        null,
        null,
        null,
        null,
        null
      ],
      "/Users/Ezra/Desktop/RAILS-Craftsy/config/initializers/mime_types.rb": [
        null,
        null,
        null,
        null
      ],
      "/Users/Ezra/Desktop/RAILS-Craftsy/config/initializers/new_framework_defaults.rb": [
        null,
        null,
        null,
        null,
        null,
        null,
        null,
        1,
        null,
        null,
        1,
        null,
        null,
        null,
        1,
        null,
        null,
        1,
        null,
        null,
        1,
        null,
        null,
        1
      ],
      "/Users/Ezra/Desktop/RAILS-Craftsy/config/initializers/session_store.rb": [
        null,
        null,
        1
      ],
      "/Users/Ezra/Desktop/RAILS-Craftsy/config/initializers/wrap_parameters.rb": [
        null,
        null,
        null,
        null,
        null,
        null,
        1,
        2,
        null,
        null,
        null,
        null,
        null,
        null
      ],
      "/Users/Ezra/Desktop/RAILS-Craftsy/config/routes.rb": [
        1,
        1,
        1,
        1,
        1,
        null,
        null,
        1,
        null
      ],
      "/Users/Ezra/Desktop/RAILS-Craftsy/app/models/user.rb": [
        1,
        null,
        null,
        1,
        null,
        1,
        null,
        null
      ],
      "/Users/Ezra/Desktop/RAILS-Craftsy/app/models/application_record.rb": [
        1,
        1,
        null
      ],
      "/Users/Ezra/Desktop/RAILS-Craftsy/app/controllers/application_controller.rb": [
        1,
        1,
        null,
        1,
        null,
        1,
        null,
        1,
        12,
        null,
        null,
        1,
        1,
        0,
        0,
        null,
        null,
        null
      ],
      "/Users/Ezra/Desktop/RAILS-Craftsy/app/helpers/application_helper.rb": [
        1,
        null
      ],
      "/Users/Ezra/Desktop/RAILS-Craftsy/app/helpers/home_helper.rb": [
        1,
        null
      ],
      "/Users/Ezra/Desktop/RAILS-Craftsy/app/helpers/product_helper.rb": [
        1,
        null
      ],
      "/Users/Ezra/Desktop/RAILS-Craftsy/app/helpers/reviews_helper.rb": [
        1,
        null
      ],
      "/Users/Ezra/Desktop/RAILS-Craftsy/app/channels/application_cable/channel.rb": [
        1,
        1,
        null,
        null
      ],
      "/Users/Ezra/Desktop/RAILS-Craftsy/app/channels/application_cable/connection.rb": [
        1,
        1,
        null,
        null
      ],
      "/Users/Ezra/Desktop/RAILS-Craftsy/app/controllers/home_controller.rb": [
        1,
        null,
        1,
        null,
        null,
        1,
        0,
        null,
        null,
        null
      ],
      "/Users/Ezra/Desktop/RAILS-Craftsy/app/controllers/products_controller.rb": [
        1,
        null,
        1,
        12,
        null,
        null,
        null,
        null,
        1,
        7,
        7,
        null,
        null,
        1,
        5,
        null,
        null,
        1,
        5,
        5,
        5,
        5,
        null,
        0,
        0,
        null,
        null,
        null,
        1,
        1,
        null,
        null,
        1,
        1,
        1,
        1,
        1,
        null,
        0,
        null,
        null,
        null,
        1,
        1,
        1,
        1,
        1,
        null,
        null,
        1,
        1,
        21,
        null,
        null
      ],
      "/Users/Ezra/Desktop/RAILS-Craftsy/app/controllers/reviews_controller.rb": [
        1,
        1,
        0,
        0,
        0,
        null,
        null,
        1,
        2,
        2,
        null,
        null,
        1,
        2,
        2,
        2,
        2,
        2,
        2,
        null,
        0,
        0,
        null,
        null,
        null,
        1,
        1,
        1,
        1,
        1,
        1,
        null,
        null,
        1,
        1,
        2,
        null,
        null
      ],
      "/Users/Ezra/Desktop/RAILS-Craftsy/app/controllers/users/confirmations_controller.rb": [
        1,
        null,
        null,
        null,
        null,
        null,
        null,
        null,
        null,
        null,
        null,
        null,
        null,
        null,
        null,
        null,
        null,
        null,
        null,
        null,
        null,
        null,
        null,
        null,
        null,
        null,
        null,
        null
      ],
      "/Users/Ezra/Desktop/RAILS-Craftsy/app/controllers/users/omniauth_callbacks_controller.rb": [
        1,
        null,
        null,
        null,
        null,
        null,
        null,
        null,
        null,
        null,
        null,
        null,
        null,
        null,
        null,
        null,
        null,
        null,
        null,
        null,
        null,
        null,
        null,
        null,
        null,
        null,
        null,
        null
      ],
      "/Users/Ezra/Desktop/RAILS-Craftsy/app/controllers/users/passwords_controller.rb": [
        1,
        null,
        null,
        null,
        null,
        null,
        null,
        null,
        null,
        null,
        null,
        null,
        null,
        null,
        null,
        null,
        null,
        null,
        null,
        null,
        null,
        null,
        null,
        null,
        null,
        null,
        null,
        null,
        null,
        null,
        null,
        null
      ],
      "/Users/Ezra/Desktop/RAILS-Craftsy/app/controllers/users/registrations_controller.rb": [
        1,
        null,
        null,
        null,
        1,
        null,
        null,
        null,
        null,
        null,
        null,
        null,
        null,
        null,
        null,
        null,
        null,
        null,
        null,
        null,
        null,
        null,
        null,
        null,
        null,
        null,
        null,
        null,
        null,
        null,
        null,
        null,
        null,
        null,
        null,
        null,
        null,
        null,
        null,
        null,
        1,
        null,
        1,
        0,
        null,
        null,
        null,
        null,
        null,
        null,
        null,
        null,
        null,
        null,
        null,
        null,
        null,
        null,
        null,
        null,
        null,
        null,
        null,
        null,
        null,
        null
      ],
      "/Users/Ezra/Desktop/RAILS-Craftsy/app/controllers/users/sessions_controller.rb": [
        1,
        null,
        null,
        null,
        null,
        null,
        null,
        null,
        null,
        null,
        null,
        null,
        null,
        null,
        null,
        null,
        null,
        null,
        null,
        null,
        null,
        null,
        null,
        null,
        null
      ],
      "/Users/Ezra/Desktop/RAILS-Craftsy/app/controllers/users/unlocks_controller.rb": [
        1,
        null,
        null,
        null,
        null,
        null,
        null,
        null,
        null,
        null,
        null,
        null,
        null,
        null,
        null,
        null,
        null,
        null,
        null,
        null,
        null,
        null,
        null,
        null,
        null,
        null,
        null,
        null
      ],
      "/Users/Ezra/Desktop/RAILS-Craftsy/app/jobs/application_job.rb": [
        1,
        null
      ],
      "/Users/Ezra/Desktop/RAILS-Craftsy/app/mailers/application_mailer.rb": [
        1,
        1,
        1,
        null
      ],
      "/Users/Ezra/Desktop/RAILS-Craftsy/app/models/product.rb": [
        1,
        1,
        1,
        null,
        1,
        1,
        null,
        1,
        1,
        1,
        null
      ],
      "/Users/Ezra/Desktop/RAILS-Craftsy/app/models/review.rb": [
        1,
        1,
        null,
        1,
        1,
        null
      ],
      "/Users/Ezra/Desktop/RAILS-Craftsy/spec/factories/models.rb": [
        1,
        1,
        null,
        null,
        null
      ],
      "/Users/Ezra/Desktop/RAILS-Craftsy/spec/factories/products.rb": [
        1,
        1,
        null,
        null,
        null
      ],
      "/Users/Ezra/Desktop/RAILS-Craftsy/spec/factories/reviews.rb": [
        1,
        1,
        null,
        null,
        null
      ],
      "/Users/Ezra/Desktop/RAILS-Craftsy/spec/factories/users.rb": [
        1,
        1,
        1,
        1,
        1,
        1,
        1,
        null,
        null
      ],
      "/Users/Ezra/Desktop/RAILS-Craftsy/spec/controllers/product_controller_spec.rb": [
        1,
        null,
        1,
        null,
        null
      ],
      "/Users/Ezra/Desktop/RAILS-Craftsy/spec/controllers/reviews_controller_spec.rb": [
        1,
        null,
        1,
        null,
        null
      ],
      "/Users/Ezra/Desktop/RAILS-Craftsy/spec/features/create_products_and_reviews_pages_spec.rb": [
        1,
        null,
        1,
        1,
        1,
        1,
        1,
        1,
        1,
        1,
        1,
        1,
        1,
        1,
        1,
        1,
        1,
        1,
        null,
        null,
        null,
        null,
        1,
        1,
        1,
        1,
        1,
        1,
        1,
        1,
        1,
        1,
        1,
        1,
        1,
        1,
        1,
        1,
        1,
        1,
        1,
        null,
        null,
        1,
        1,
        1,
        1,
        1,
        1,
        1,
        1,
        1,
        1,
        1,
        1,
        1,
        1,
        1,
        1,
        null,
        null,
        null,
        null,
        1,
        1,
        1,
        1,
        1,
        1,
        1,
        1,
        1,
        1,
        1,
        1,
        1,
        1,
        1,
        1,
        1,
        1,
        1,
        1,
        null,
        1,
        1,
        1,
        1,
        1,
        1,
        1,
        1,
        1,
        1,
        1,
        1,
        1,
        1,
        1,
        1,
        1,
        1,
        1,
        1,
        null,
        null
      ],
      "/Users/Ezra/Desktop/RAILS-Craftsy/spec/features/user_authentication_pages_spec.rb": [
        1,
        null,
        1,
        1,
        1,
        1,
        1,
        1,
        1,
        1,
        1,
        1,
        null,
        null
      ],
      "/Users/Ezra/Desktop/RAILS-Craftsy/spec/models/product_spec.rb": [
        1,
        null,
        null,
        null,
        1,
        2,
        2,
        2,
        2,
        null
      ],
      "/Users/Ezra/Desktop/RAILS-Craftsy/spec/models/review_spec.rb": [
        1,
        null,
        null,
        null,
        1,
        2,
        2,
        2,
        null
      ],
      "/Users/Ezra/Desktop/RAILS-Craftsy/spec/models/user_spec.rb": [
        1,
        null,
        null,
        null,
        1,
        2,
        2,
        2,
        null
      ]
    },
    "timestamp": 1487400111
  }
}
